<?xml version="1.0" encoding="UTF-8"?>
<!-- Generated by org.testng.reporters.JUnitReportReporter -->
<testsuite skipped="1" hostname="OPTIPLEX7020-13" name="tests.Add_event_page" tests="1" failures="0" timestamp="2020-07-17T16:29:35 IST" time="0.000" errors="0">
  <testcase name="login_" time="0.000" classname="tests.Add_event_page">
    <skipped/>
  </testcase> <!-- login_ -->
</testsuite> <!-- tests.Add_event_page -->
