<?xml version="1.0" encoding="UTF-8"?>
<!-- Generated by org.testng.reporters.JUnitReportReporter -->
<testsuite skipped="0" hostname="OPTIPLEX7020-13" name="tests.Login_page" tests="1" failures="0" timestamp="2020-07-17T17:30:19 IST" time="28.164" errors="0">
  <testcase name="login_" time="28.164" classname="tests.Login_page"/>
</testsuite> <!-- tests.Login_page -->
